<?xml version="1.0" encoding="UTF-8"?>
<testsuite name="Util.SendMailUtilTest" tests="1" skipped="0" failures="0" errors="0" timestamp="2016-05-10T07:27:15" hostname="PC-20140519IFBA" time="3.605">
  <properties/>
  <testcase name="sendEmail" classname="Util.SendMailUtilTest" time="3.605"/>
  <system-out><![CDATA[]]></system-out>
  <system-err><![CDATA[]]></system-err>
</testsuite>
